<?xml version="1.0" encoding="UTF-8"?>
<testsuite xmlns:xsi="http://www.w3.org/2001/XMLSchema-instance" xsi:noNamespaceSchemaLocation="https://maven.apache.org/surefire/maven-surefire-plugin/xsd/surefire-test-report.xsd" name="cucumberOptions.TestRunner" time="302.545" tests="70" errors="4" skipped="14" failures="4">
  <properties>
[...]
</properties>
  <testcase name="Given Validate the browser" classname="Scenario: Validating the browser and the home page" time="0"/>
  <testcase name="When Home page is triggered" classname="Scenario: Validating the browser and the home page" time="0"/>
  <testcase name="Then Check if the user is on the home page" classname="Scenario: Validating the browser and the home page" time="0"/>
  <testcase name="Scenario: Validating the browser and the home page" classname="Scenario: Validating the browser and the home page" time="0"/>
  <testcase name="Given User click on the sign button" classname="Scenario: Creating an account" time="0"/>
  <testcase name="And Authentication page is populated" classname="Scenario: Creating an account" time="0.001"/>
  <testcase name="When User enter the email with &quot;david97@testing.com&quot;" classname="Scenario: Creating an account" time="0.001"/>
  <testcase name="And User click on the Create an account button" classname="Scenario: Creating an account" time="0"/>
  <testcase name="Then The CREATE AN ACCOUNT page is populated" classname="Scenario: Creating an account" time="0.013">
    <failure type="java.lang.AssertionError">java.lang.AssertionError
</failure>
  </testcase>
  <testcase name="Scenario: Creating an account" classname="Scenario: Creating an account" time="0.013">
    <failure type="java.lang.AssertionError">java.lang.AssertionError
</failure>
  </testcase>
  <testcase name="Given The User is on the CREATE AN ACCOUNT page" classname="Scenario: Filling the info" time="0"/>
  <testcase name="When User choose the title &quot;Mr&quot;" classname="Scenario: Filling the info" time="0.006">
    <error message="no such element: Unable to locate element: {&quot;method&quot;:&quot;xpath&quot;,&quot;selector&quot;:&quot;//span[input/@id=&apos;id_gender1&apos;]&quot;}&#10;  (Session info: chrome=92.0.4515.131)&#10;For documentation on this error, please visit: https://www.seleniumhq.org/exceptions/no_such_element.html&#10;Build info: version: &apos;3.141.59&apos;, revision: &apos;e82be7d358&apos;, time: &apos;2018-11-14T08:17:03&apos;&#10;System info: host: &apos;LAPTOP-750JOEPR&apos;, ip: &apos;192.168.1.101&apos;, os.name: &apos;Windows 10&apos;, os.arch: &apos;amd64&apos;, os.version: &apos;10.0&apos;, java.version: &apos;1.8.0_291&apos;&#10;Driver info: org.openqa.selenium.chrome.ChromeDriver&#10;Capabilities {acceptInsecureCerts: false, browserName: chrome, browserVersion: 92.0.4515.131, chrome: {chromedriverVersion: 91.0.4472.101 (af52a90bf870..., userDataDir: C:\Users\102331~1\AppData\L...}, goog:chromeOptions: {debuggerAddress: localhost:62973}, javascriptEnabled: true, networkConnectionEnabled: false, pageLoadStrategy: normal, platform: WINDOWS, platformName: WINDOWS, proxy: Proxy(), setWindowRect: true, strictFileInteractability: false, timeouts: {implicit: 0, pageLoad: 300000, script: 30000}, unhandledPromptBehavior: dismiss and notify, webauthn:extension:largeBlob: true, webauthn:virtualAuthenticators: true}&#10;Session ID: b37caba4d6a40431db4df7672033575f&#10;*** Element info: {Using=xpath, value=//span[input/@id=&apos;id_gender1&apos;]}" type="org.openqa.selenium.NoSuchElementException">org.openqa.selenium.NoSuchElementException: 
no such element: Unable to locate element: {"method":"xpath","selector":"//span[input/@id='id_gender1']"}
  (Session info: chrome=92.0.4515.131)
For documentation on this error, please visit: https://www.seleniumhq.org/exceptions/no_such_element.html
Build info: version: '3.141.59', revision: 'e82be7d358', time: '2018-11-14T08:17:03'
System info: host: 'LAPTOP-750JOEPR', ip: '192.168.1.101', os.name: 'Windows 10', os.arch: 'amd64', os.version: '10.0', java.version: '1.8.0_291'
Driver info: org.openqa.selenium.chrome.ChromeDriver
Capabilities {acceptInsecureCerts: false, browserName: chrome, browserVersion: 92.0.4515.131, chrome: {chromedriverVersion: 91.0.4472.101 (af52a90bf870..., userDataDir: C:\Users\102331~1\AppData\L...}, goog:chromeOptions: {debuggerAddress: localhost:62973}, javascriptEnabled: true, networkConnectionEnabled: false, pageLoadStrategy: normal, platform: WINDOWS, platformName: WINDOWS, proxy: Proxy(), setWindowRect: true, strictFileInteractability: false, timeouts: {implicit: 0, pageLoad: 300000, script: 30000}, unhandledPromptBehavior: dismiss and notify, webauthn:extension:largeBlob: true, webauthn:virtualAuthenticators: true}
Session ID: b37caba4d6a40431db4df7672033575f
*** Element info: {Using=xpath, value=//span[input/@id='id_gender1']}
</error>
  </testcase>
  <testcase name="Scenario: Filling the info" classname="Scenario: Filling the info" time="0.01">
    <error message="no such element: Unable to locate element: {&quot;method&quot;:&quot;xpath&quot;,&quot;selector&quot;:&quot;//span[input/@id=&apos;id_gender1&apos;]&quot;}&#10;  (Session info: chrome=92.0.4515.131)&#10;For documentation on this error, please visit: https://www.seleniumhq.org/exceptions/no_such_element.html&#10;Build info: version: &apos;3.141.59&apos;, revision: &apos;e82be7d358&apos;, time: &apos;2018-11-14T08:17:03&apos;&#10;System info: host: &apos;LAPTOP-750JOEPR&apos;, ip: &apos;192.168.1.101&apos;, os.name: &apos;Windows 10&apos;, os.arch: &apos;amd64&apos;, os.version: &apos;10.0&apos;, java.version: &apos;1.8.0_291&apos;&#10;Driver info: org.openqa.selenium.chrome.ChromeDriver&#10;Capabilities {acceptInsecureCerts: false, browserName: chrome, browserVersion: 92.0.4515.131, chrome: {chromedriverVersion: 91.0.4472.101 (af52a90bf870..., userDataDir: C:\Users\102331~1\AppData\L...}, goog:chromeOptions: {debuggerAddress: localhost:62973}, javascriptEnabled: true, networkConnectionEnabled: false, pageLoadStrategy: normal, platform: WINDOWS, platformName: WINDOWS, proxy: Proxy(), setWindowRect: true, strictFileInteractability: false, timeouts: {implicit: 0, pageLoad: 300000, script: 30000}, unhandledPromptBehavior: dismiss and notify, webauthn:extension:largeBlob: true, webauthn:virtualAuthenticators: true}&#10;Session ID: b37caba4d6a40431db4df7672033575f&#10;*** Element info: {Using=xpath, value=//span[input/@id=&apos;id_gender1&apos;]}" type="org.openqa.selenium.NoSuchElementException">org.openqa.selenium.NoSuchElementException: 
no such element: Unable to locate element: {"method":"xpath","selector":"//span[input/@id='id_gender1']"}
  (Session info: chrome=92.0.4515.131)
For documentation on this error, please visit: https://www.seleniumhq.org/exceptions/no_such_element.html
Build info: version: '3.141.59', revision: 'e82be7d358', time: '2018-11-14T08:17:03'
System info: host: 'LAPTOP-750JOEPR', ip: '192.168.1.101', os.name: 'Windows 10', os.arch: 'amd64', os.version: '10.0', java.version: '1.8.0_291'
Driver info: org.openqa.selenium.chrome.ChromeDriver
Capabilities {acceptInsecureCerts: false, browserName: chrome, browserVersion: 92.0.4515.131, chrome: {chromedriverVersion: 91.0.4472.101 (af52a90bf870..., userDataDir: C:\Users\102331~1\AppData\L...}, goog:chromeOptions: {debuggerAddress: localhost:62973}, javascriptEnabled: true, networkConnectionEnabled: false, pageLoadStrategy: normal, platform: WINDOWS, platformName: WINDOWS, proxy: Proxy(), setWindowRect: true, strictFileInteractability: false, timeouts: {implicit: 0, pageLoad: 300000, script: 30000}, unhandledPromptBehavior: dismiss and notify, webauthn:extension:largeBlob: true, webauthn:virtualAuthenticators: true}
Session ID: b37caba4d6a40431db4df7672033575f
*** Element info: {Using=xpath, value=//span[input/@id='id_gender1']}
</error>
  </testcase>
  <testcase name="And User enter the following details of personal information" classname="Scenario: Filling the info" time="0">
    <skipped/>
  </testcase>
  <testcase name="And User select the newsletter checkbox" classname="Scenario: Filling the info" time="0">
    <skipped/>
  </testcase>
  <testcase name="And User select the special offers checkbox" classname="Scenario: Filling the info" time="0">
    <skipped/>
  </testcase>
  <testcase name="And User enter the following details of the address" classname="Scenario: Filling the info" time="0">
    <skipped/>
  </testcase>
  <testcase name="And User click on the Register button" classname="Scenario: Filling the info" time="0">
    <skipped/>
  </testcase>
  <testcase name="Then MY ACCOUNT page is populated" classname="Scenario: Filling the info" time="0">
    <skipped/>
  </testcase>
  <testcase name="And User click on the sign out button" classname="Scenario: Filling the info" time="0">
    <skipped/>
  </testcase>
  <testcase name="Given User click on the sign button" classname="Scenario: Login into the existing account" time="0"/>
  <testcase name="And Authentication page is populated" classname="Scenario: Login into the existing account" time="0"/>
  <testcase name="When User enter the email already created with &quot;david97@testing.com&quot;" classname="Scenario: Login into the existing account" time="0"/>
  <testcase name="And User enter the password with &quot;DS123&quot;" classname="Scenario: Login into the existing account" time="0"/>
  <testcase name="And User click on the Sign in button" classname="Scenario: Login into the existing account" time="0"/>
  <testcase name="Then MY ACCOUNT page is populated" classname="Scenario: Login into the existing account" time="0"/>
  <testcase name="Scenario: Login into the existing account" classname="Scenario: Login into the existing account" time="0"/>
  <testcase name="Given Home page is triggered" classname="Scenario: The user search for items from the search bar" time="0"/>
  <testcase name="When User search for some &quot;T-shirt&quot;" classname="Scenario: The user search for items from the search bar" time="0.001"/>
  <testcase name="And User click on the search button" classname="Scenario: The user search for items from the search bar" time="0"/>
  <testcase name="And User select the &quot;Faded Short&quot; option" classname="Scenario: The user search for items from the search bar" time="0"/>
  <testcase name="And User selects the following details for the item" classname="Scenario: The user search for items from the search bar" time="0"/>
  <testcase name="And User add the products to the cart" classname="Scenario: The user search for items from the search bar" time="0"/>
  <testcase name="And User click on the Continue shopping button" classname="Scenario: The user search for items from the search bar" time="0"/>
  <testcase name="Then The user is ready to continue" classname="Scenario: The user search for items from the search bar" time="0"/>
  <testcase name="Scenario: The user search for items from the search bar" classname="Scenario: The user search for items from the search bar" time="0"/>
  <testcase name="Given Home page is triggered" classname="Scenario: The user search for items from the category tabs" time="0"/>
  <testcase name="When User click on the &quot;Blouses&quot; category" classname="Scenario: The user search for items from the category tabs" time="0"/>
  <testcase name="And User select the &quot;Blouse&quot; option" classname="Scenario: The user search for items from the category tabs" time="0"/>
  <testcase name="And User selects the following details for the item" classname="Scenario: The user search for items from the category tabs" time="0"/>
  <testcase name="And User selects the following details for the item" classname="Scenario: The user search for items from the category tabs" time="0.001"/>
  <testcase name="And User add the products to the cart" classname="Scenario: The user search for items from the category tabs" time="0"/>
  <testcase name="And User add the products to the cart" classname="Scenario: The user search for items from the category tabs" time="0"/>
  <testcase name="And User click on the Continue shopping button" classname="Scenario: The user search for items from the category tabs" time="0"/>
  <testcase name="And User click on the Continue shopping button" classname="Scenario: The user search for items from the category tabs" time="0"/>
  <testcase name="And User click on the &quot;Evening Dresses&quot; category" classname="Scenario: The user search for items from the category tabs" time="0"/>
  <testcase name="And User click on the &quot;All specials&quot; small button" classname="Scenario: The user search for items from the category tabs" time="0.001"/>
  <testcase name="And User select the &quot;Printed Chiffon Dress&quot; option" classname="Scenario: The user search for items from the category tabs" time="0"/>
  <testcase name="Then The user is ready to continue" classname="Scenario: The user search for items from the category tabs" time="0"/>
  <testcase name="Scenario: The user search for items from the category tabs" classname="Scenario: The user search for items from the category tabs" time="0"/>
  <testcase name="Given The user has products in the Cart" classname="Scenario: The user is ready to pay" time="0"/>
  <testcase name="When User click on the Check out button" classname="Scenario: The user is ready to pay" time="0"/>
  <testcase name="And User proceeds to checkout" classname="Scenario: The user is ready to pay" time="0"/>
  <testcase name="And User writes &quot;Be careful with the clothes&quot;" classname="Scenario: The user is ready to pay" time="0"/>
  <testcase name="And User proceeds to Shipping options" classname="Scenario: The user is ready to pay" time="0"/>
  <testcase name="And User reads the terms" classname="Scenario: The user is ready to pay" time="0"/>
  <testcase name="And User select the Terms of service checkbox" classname="Scenario: The user is ready to pay" time="0"/>
  <testcase name="And User proceeds to the payment" classname="Scenario: The user is ready to pay" time="0"/>
  <testcase name="And User selects the &quot;bankwire&quot; payment option" classname="Scenario: The user is ready to pay" time="0"/>
  <testcase name="And User confirms the order" classname="Scenario: The user is ready to pay" time="0.004">
    <error message="no such element: Unable to locate element: {&quot;method&quot;:&quot;xpath&quot;,&quot;selector&quot;:&quot;//button[@class=&apos;button btn btn-default button-medium&apos;]&quot;}&#10;  (Session info: chrome=92.0.4515.131)&#10;For documentation on this error, please visit: https://www.seleniumhq.org/exceptions/no_such_element.html&#10;Build info: version: &apos;3.141.59&apos;, revision: &apos;e82be7d358&apos;, time: &apos;2018-11-14T08:17:03&apos;&#10;System info: host: &apos;LAPTOP-750JOEPR&apos;, ip: &apos;192.168.1.101&apos;, os.name: &apos;Windows 10&apos;, os.arch: &apos;amd64&apos;, os.version: &apos;10.0&apos;, java.version: &apos;1.8.0_291&apos;&#10;Driver info: org.openqa.selenium.chrome.ChromeDriver&#10;Capabilities {acceptInsecureCerts: false, browserName: chrome, browserVersion: 92.0.4515.131, chrome: {chromedriverVersion: 91.0.4472.101 (af52a90bf870..., userDataDir: C:\Users\102331~1\AppData\L...}, goog:chromeOptions: {debuggerAddress: localhost:62973}, javascriptEnabled: true, networkConnectionEnabled: false, pageLoadStrategy: normal, platform: WINDOWS, platformName: WINDOWS, proxy: Proxy(), setWindowRect: true, strictFileInteractability: false, timeouts: {implicit: 0, pageLoad: 300000, script: 30000}, unhandledPromptBehavior: dismiss and notify, webauthn:extension:largeBlob: true, webauthn:virtualAuthenticators: true}&#10;Session ID: b37caba4d6a40431db4df7672033575f&#10;*** Element info: {Using=xpath, value=//button[@class=&apos;button btn btn-default button-medium&apos;]}" type="org.openqa.selenium.NoSuchElementException">org.openqa.selenium.NoSuchElementException: 
no such element: Unable to locate element: {"method":"xpath","selector":"//button[@class='button btn btn-default button-medium']"}
  (Session info: chrome=92.0.4515.131)
For documentation on this error, please visit: https://www.seleniumhq.org/exceptions/no_such_element.html
Build info: version: '3.141.59', revision: 'e82be7d358', time: '2018-11-14T08:17:03'
System info: host: 'LAPTOP-750JOEPR', ip: '192.168.1.101', os.name: 'Windows 10', os.arch: 'amd64', os.version: '10.0', java.version: '1.8.0_291'
Driver info: org.openqa.selenium.chrome.ChromeDriver
Capabilities {acceptInsecureCerts: false, browserName: chrome, browserVersion: 92.0.4515.131, chrome: {chromedriverVersion: 91.0.4472.101 (af52a90bf870..., userDataDir: C:\Users\102331~1\AppData\L...}, goog:chromeOptions: {debuggerAddress: localhost:62973}, javascriptEnabled: true, networkConnectionEnabled: false, pageLoadStrategy: normal, platform: WINDOWS, platformName: WINDOWS, proxy: Proxy(), setWindowRect: true, strictFileInteractability: false, timeouts: {implicit: 0, pageLoad: 300000, script: 30000}, unhandledPromptBehavior: dismiss and notify, webauthn:extension:largeBlob: true, webauthn:virtualAuthenticators: true}
Session ID: b37caba4d6a40431db4df7672033575f
*** Element info: {Using=xpath, value=//button[@class='button btn btn-default button-medium']}
</error>
  </testcase>
  <testcase name="Scenario: The user is ready to pay" classname="Scenario: The user is ready to pay" time="0.006">
    <error message="no such element: Unable to locate element: {&quot;method&quot;:&quot;xpath&quot;,&quot;selector&quot;:&quot;//button[@class=&apos;button btn btn-default button-medium&apos;]&quot;}&#10;  (Session info: chrome=92.0.4515.131)&#10;For documentation on this error, please visit: https://www.seleniumhq.org/exceptions/no_such_element.html&#10;Build info: version: &apos;3.141.59&apos;, revision: &apos;e82be7d358&apos;, time: &apos;2018-11-14T08:17:03&apos;&#10;System info: host: &apos;LAPTOP-750JOEPR&apos;, ip: &apos;192.168.1.101&apos;, os.name: &apos;Windows 10&apos;, os.arch: &apos;amd64&apos;, os.version: &apos;10.0&apos;, java.version: &apos;1.8.0_291&apos;&#10;Driver info: org.openqa.selenium.chrome.ChromeDriver&#10;Capabilities {acceptInsecureCerts: false, browserName: chrome, browserVersion: 92.0.4515.131, chrome: {chromedriverVersion: 91.0.4472.101 (af52a90bf870..., userDataDir: C:\Users\102331~1\AppData\L...}, goog:chromeOptions: {debuggerAddress: localhost:62973}, javascriptEnabled: true, networkConnectionEnabled: false, pageLoadStrategy: normal, platform: WINDOWS, platformName: WINDOWS, proxy: Proxy(), setWindowRect: true, strictFileInteractability: false, timeouts: {implicit: 0, pageLoad: 300000, script: 30000}, unhandledPromptBehavior: dismiss and notify, webauthn:extension:largeBlob: true, webauthn:virtualAuthenticators: true}&#10;Session ID: b37caba4d6a40431db4df7672033575f&#10;*** Element info: {Using=xpath, value=//button[@class=&apos;button btn btn-default button-medium&apos;]}" type="org.openqa.selenium.NoSuchElementException">org.openqa.selenium.NoSuchElementException: 
no such element: Unable to locate element: {"method":"xpath","selector":"//button[@class='button btn btn-default button-medium']"}
  (Session info: chrome=92.0.4515.131)
For documentation on this error, please visit: https://www.seleniumhq.org/exceptions/no_such_element.html
Build info: version: '3.141.59', revision: 'e82be7d358', time: '2018-11-14T08:17:03'
System info: host: 'LAPTOP-750JOEPR', ip: '192.168.1.101', os.name: 'Windows 10', os.arch: 'amd64', os.version: '10.0', java.version: '1.8.0_291'
Driver info: org.openqa.selenium.chrome.ChromeDriver
Capabilities {acceptInsecureCerts: false, browserName: chrome, browserVersion: 92.0.4515.131, chrome: {chromedriverVersion: 91.0.4472.101 (af52a90bf870..., userDataDir: C:\Users\102331~1\AppData\L...}, goog:chromeOptions: {debuggerAddress: localhost:62973}, javascriptEnabled: true, networkConnectionEnabled: false, pageLoadStrategy: normal, platform: WINDOWS, platformName: WINDOWS, proxy: Proxy(), setWindowRect: true, strictFileInteractability: false, timeouts: {implicit: 0, pageLoad: 300000, script: 30000}, unhandledPromptBehavior: dismiss and notify, webauthn:extension:largeBlob: true, webauthn:virtualAuthenticators: true}
Session ID: b37caba4d6a40431db4df7672033575f
*** Element info: {Using=xpath, value=//button[@class='button btn btn-default button-medium']}
</error>
  </testcase>
  <testcase name="And User goes to the orders page" classname="Scenario: The user is ready to pay" time="0">
    <skipped/>
  </testcase>
  <testcase name="And User checks and confirms the details of the order" classname="Scenario: The user is ready to pay" time="0">
    <skipped/>
  </testcase>
  <testcase name="And User downloads the invoice as PDF" classname="Scenario: The user is ready to pay" time="0">
    <skipped/>
  </testcase>
  <testcase name="Then The order has been completed successfully" classname="Scenario: The user is ready to pay" time="0">
    <skipped/>
  </testcase>
  <testcase name="Given MY ACCOUNT page is populated" classname="Scenario: Sign off from the existing session" time="0">
    <failure type="java.lang.AssertionError">java.lang.AssertionError
</failure>
    <system-out><![CDATA[
  @E2ETest
  Scenario: The user is ready to pay                      &amp#27;[90m# E2E.feature:73&amp#27;[0m
    &amp#27;[32mGiven &amp#27;[0m&amp#27;[32mThe user has products in the Cart&amp#27;[0m               &amp#27;[90m# stepDefination.the_user_has_products_in_the_cart()&amp#27;[0m
    &amp#27;[32mWhen &amp#27;[0m&amp#27;[32mUser click on the Check out button&amp#27;[0m               &amp#27;[90m# stepDefination.user_click_on_the_check_out_button()&amp#27;[0m
    &amp#27;[32mAnd &amp#27;[0m&amp#27;[32mUser proceeds to checkout&amp#27;[0m                         &amp#27;[90m# stepDefination.user_proceeds_to_checkout()&amp#27;[0m
    &amp#27;[32mAnd &amp#27;[0m&amp#27;[32mUser writes "&amp#27;[0m&amp#27;[32m&amp#27;[1mBe careful with the clothes&amp#27;[0m&amp#27;[32m"&amp#27;[0m         &amp#27;[90m# stepDefination.user_writes_something(String)&amp#27;[0m
    &amp#27;[32mAnd &amp#27;[0m&amp#27;[32mUser proceeds to Shipping options&amp#27;[0m                 &amp#27;[90m# stepDefination.user_proceeds_to_shipping_options()&amp#27;[0m
    &amp#27;[32mAnd &amp#27;[0m&amp#27;[32mUser reads the terms&amp#27;[0m                              &amp#27;[90m# stepDefination.user_reads_the_terms()&amp#27;[0m
    &amp#27;[32mAnd &amp#27;[0m&amp#27;[32mUser select the Terms of service checkbox&amp#27;[0m         &amp#27;[90m# stepDefination.user_select_the_terms_of_service_checkbox()&amp#27;[0m
    &amp#27;[32mAnd &amp#27;[0m&amp#27;[32mUser proceeds to the payment&amp#27;[0m                      &amp#27;[90m# stepDefination.user_proceeds_to_the_payment()&amp#27;[0m
    &amp#27;[32mAnd &amp#27;[0m&amp#27;[32mUser selects the "&amp#27;[0m&amp#27;[32m&amp#27;[1mbankwire&amp#27;[0m&amp#27;[32m" payment option&amp#27;[0m        &amp#27;[90m# stepDefination.user_selects_the_payment_option(String)&amp#27;[0m
    &amp#27;[31mAnd &amp#27;[0m&amp#27;[31mUser confirms the order&amp#27;[0m                           &amp#27;[90m# stepDefination.user_confirms_the_order()&amp#27;[0m
      &amp#27;[31morg.openqa.selenium.NoSuchElementException: no such element: Unable to locate element: {"method":"xpath","selector":"//button[@class='button btn btn-default button-medium']"}
        (Session info: chrome=92.0.4515.131)
      For documentation on this error, please visit: https://www.seleniumhq.org/exceptions/no_such_element.html
      Build info: version: '3.141.59', revision: 'e82be7d358', time: '2018-11-14T08:17:03'
      System info: host: 'LAPTOP-750JOEPR', ip: '192.168.1.101', os.name: 'Windows 10', os.arch: 'amd64', os.version: '10.0', java.version: '1.8.0_291'
      Driver info: org.openqa.selenium.chrome.ChromeDriver
      Capabilities {acceptInsecureCerts: false, browserName: chrome, browserVersion: 92.0.4515.131, chrome: {chromedriverVersion: 91.0.4472.101 (af52a90bf870..., userDataDir: C:\Users\102331~1\AppData\L...}, goog:chromeOptions: {debuggerAddress: localhost:62973}, javascriptEnabled: true, networkConnectionEnabled: false, pageLoadStrategy: normal, platform: WINDOWS, platformName: WINDOWS, proxy: Proxy(), setWindowRect: true, strictFileInteractability: false, timeouts: {implicit: 0, pageLoad: 300000, script: 30000}, unhandledPromptBehavior: dismiss and notify, webauthn:extension:largeBlob: true, webauthn:virtualAuthenticators: true}
      Session ID: b37caba4d6a40431db4df7672033575f
      *** Element info: {Using=xpath, value=//button[@class='button btn btn-default button-medium']}
      	at sun.reflect.NativeConstructorAccessorImpl.newInstance0(Native Method)
      	at sun.reflect.NativeConstructorAccessorImpl.newInstance(NativeConstructorAccessorImpl.java:62)
      	at sun.reflect.DelegatingConstructorAccessorImpl.newInstance(DelegatingConstructorAccessorImpl.java:45)
      	at java.lang.reflect.Constructor.newInstance(Constructor.java:423)
      	at org.openqa.selenium.remote.http.W3CHttpResponseCodec.createException(W3CHttpResponseCodec.java:187)
      	at org.openqa.selenium.remote.http.W3CHttpResponseCodec.decode(W3CHttpResponseCodec.java:122)
      	at org.openqa.selenium.remote.http.W3CHttpResponseCodec.decode(W3CHttpResponseCodec.java:49)
      	at org.openqa.selenium.remote.HttpCommandExecutor.execute(HttpCommandExecutor.java:158)
      	at org.openqa.selenium.remote.service.DriverCommandExecutor.execute(DriverCommandExecutor.java:83)
      	at org.openqa.selenium.remote.RemoteWebDriver.execute(RemoteWebDriver.java:552)
      	at org.openqa.selenium.remote.RemoteWebDriver.findElement(RemoteWebDriver.java:323)
      	at org.openqa.selenium.remote.RemoteWebDriver.findElementByXPath(RemoteWebDriver.java:428)
      	at org.openqa.selenium.By$ByXPath.findElement(By.java:353)
      	at org.openqa.selenium.remote.RemoteWebDriver.findElement(RemoteWebDriver.java:315)
      	at Actions.MyStore.confirmOrder(MyStore.java:294)
      	at stepDefinations.stepDefination.user_confirms_the_order(stepDefination.java:250)
      	at ?.And User confirms the order(E2E.feature:83)
      &amp#27;[0m
    &amp#27;[36mAnd &amp#27;[0m&amp#27;[36mUser goes to the orders page&amp#27;[0m                      &amp#27;[90m# stepDefination.user_goes_to_the_orders_page()&amp#27;[0m
    &amp#27;[36mAnd &amp#27;[0m&amp#27;[36mUser checks and confirms the details of the order&amp#27;[0m &amp#27;[90m# stepDefination.user_checks_the_details_of_the_order()&amp#27;[0m
    &amp#27;[36mAnd &amp#27;[0m&amp#27;[36mUser downloads the invoice as PDF&amp#27;[0m                 &amp#27;[90m# stepDefination.user_downloads_the_invoice_as_pdf()&amp#27;[0m
    &amp#27;[36mThen &amp#27;[0m&amp#27;[36mThe order has been completed successfully&amp#27;[0m        &amp#27;[90m# stepDefination.the_order_has_been_completed_successfully()&amp#27;[0m
]]></system-out>
  </testcase>
  <testcase name="Scenario: Sign off from the existing session" classname="Scenario: Sign off from the existing session" time="0">
    <failure type="java.lang.AssertionError">java.lang.AssertionError
</failure>
  </testcase>
  <testcase name="When User click on the sign out button" classname="Scenario: Sign off from the existing session" time="0">
    <skipped/>
  </testcase>
  <testcase name="Then The session has been closed sucessfully" classname="Scenario: Sign off from the existing session" time="0">
    <skipped/>
  </testcase>
  <testcase name="And The browser closes" classname="Scenario: Sign off from the existing session" time="0">
    <skipped/>
  </testcase>
</testsuite>